# JRE version: Java(TM) SE Runtime Environment (8.0_301-b09) (build 1.8.0_301-b09)
# Java VM: Java HotSpot(TM) 64-Bit Server VM (25.301-b09 mixed mode windows-amd64 compressed oops)
Heap:
 PSYoungGen      total 106496K, used 8814K [0x00000000f5580000, 0x00000000ff380000, 0x0000000100000000)
  eden space 94208K, 0% used [0x00000000f5580000,0x00000000f5580000,0x00000000fb180000)
  from space 12288K, 71% used [0x00000000fb180000,0x00000000fba1b878,0x00000000fbd80000)
  to   space 11776K, 0% used [0x00000000fe800000,0x00000000fe800000,0x00000000ff380000)
 ParOldGen       total 175104K, used 8422K [0x00000000e0000000, 0x00000000eab00000, 0x00000000f5580000)
  object space 175104K, 4% used [0x00000000e0000000,0x00000000e0839840,0x00000000eab00000)
 Metaspace       used 34257K, capacity 35420K, committed 35496K, reserved 1079296K
  class space    used 4793K, capacity 5068K, committed 5120K, reserved 1048576K
GC Heap History (10 events):
Event: 26.987 GC heap after
Heap after GC invocations=4 (full 0):
 PSYoungGen      total 76288K, used 8553K [0x00000000f5580000, 0x00000000fea80000, 0x0000000100000000)
  eden space 65536K, 0% used [0x00000000f5580000,0x00000000f5580000,0x00000000f9580000)
  from space 10752K, 79% used [0x00000000fa000000,0x00000000fa85a470,0x00000000faa80000)
  to   space 10752K, 0% used [0x00000000f9580000,0x00000000f9580000,0x00000000fa000000)
 ParOldGen       total 175104K, used 833K [0x00000000e0000000, 0x00000000eab00000, 0x00000000f5580000)
  object space 175104K, 0% used [0x00000000e0000000,0x00000000e00d07e8,0x00000000eab00000)
 Metaspace       used 20599K, capacity 21238K, committed 21296K, reserved 1067008K
  class space    used 3018K, capacity 3173K, committed 3200K, reserved 1048576K
}
Event: 26.987 GC heap before
{Heap before GC invocations=5 (full 1):
 PSYoungGen      total 76288K, used 8553K [0x00000000f5580000, 0x00000000fea80000, 0x0000000100000000)
  eden space 65536K, 0% used [0x00000000f5580000,0x00000000f5580000,0x00000000f9580000)
  from space 10752K, 79% used [0x00000000fa000000,0x00000000fa85a470,0x00000000faa80000)
  to   space 10752K, 0% used [0x00000000f9580000,0x00000000f9580000,0x00000000fa000000)
 ParOldGen       total 175104K, used 833K [0x00000000e0000000, 0x00000000eab00000, 0x00000000f5580000)
  object space 175104K, 0% used [0x00000000e0000000,0x00000000e00d07e8,0x00000000eab00000)
 Metaspace       used 20599K, capacity 21238K, committed 21296K, reserved 1067008K
  class space    used 3018K, capacity 3173K, committed 3200K, reserved 1048576K
Event: 27.321 GC heap after
Heap after GC invocations=5 (full 1):
 PSYoungGen      total 76288K, used 0K [0x00000000f5580000, 0x00000000fea80000, 0x0000000100000000)
  eden space 65536K, 0% used [0x00000000f5580000,0x00000000f5580000,0x00000000f9580000)
  from space 10752K, 0% used [0x00000000fa000000,0x00000000fa000000,0x00000000faa80000)
  to   space 10752K, 0% used [0x00000000f9580000,0x00000000f9580000,0x00000000fa000000)
 ParOldGen       total 175104K, used 8398K [0x00000000e0000000, 0x00000000eab00000, 0x00000000f5580000)
  object space 175104K, 4% used [0x00000000e0000000,0x00000000e0833840,0x00000000eab00000)
 Metaspace       used 20599K, capacity 21238K, committed 21296K, reserved 1067008K
  class space    used 3018K, capacity 3173K, committed 3200K, reserved 1048576K
}
Event: 32.654 GC heap before
{Heap before GC invocations=6 (full 1):
 PSYoungGen      total 76288K, used 65536K [0x00000000f5580000, 0x00000000fea80000, 0x0000000100000000)
  eden space 65536K, 100% used [0x00000000f5580000,0x00000000f9580000,0x00000000f9580000)
  from space 10752K, 0% used [0x00000000fa000000,0x00000000fa000000,0x00000000faa80000)
  to   space 10752K, 0% used [0x00000000f9580000,0x00000000f9580000,0x00000000fa000000)
 ParOldGen       total 175104K, used 8398K [0x00000000e0000000, 0x00000000eab00000, 0x00000000f5580000)
  object space 175104K, 4% used [0x00000000e0000000,0x00000000e0833840,0x00000000eab00000)
 Metaspace       used 28683K, capacity 29642K, committed 29824K, reserved 1075200K
  class space    used 4127K, capacity 4384K, committed 4480K, reserved 1048576K
Event: 32.676 GC heap after
Heap after GC invocations=6 (full 1):
 PSYoungGen      total 76288K, used 8508K [0x00000000f5580000, 0x00000000fcb00000, 0x0000000100000000)
  eden space 65536K, 0% used [0x00000000f5580000,0x00000000f5580000,0x00000000f9580000)
  from space 10752K, 79% used [0x00000000f9580000,0x00000000f9dcf100,0x00000000fa000000)
  to   space 11776K, 0% used [0x00000000fbf80000,0x00000000fbf80000,0x00000000fcb00000)
 ParOldGen       total 175104K, used 8406K [0x00000000e0000000, 0x00000000eab00000, 0x00000000f5580000)
  object space 175104K, 4% used [0x00000000e0000000,0x00000000e0835840,0x00000000eab00000)
 Metaspace       used 28683K, capacity 29642K, committed 29824K, reserved 1075200K
  class space    used 4127K, capacity 4384K, committed 4480K, reserved 1048576K
}
Event: 50.380 GC heap before
{Heap before GC invocations=7 (full 1):
 PSYoungGen      total 76288K, used 74044K [0x00000000f5580000, 0x00000000fcb00000, 0x0000000100000000)
  eden space 65536K, 100% used [0x00000000f5580000,0x00000000f9580000,0x00000000f9580000)
  from space 10752K, 79% used [0x00000000f9580000,0x00000000f9dcf100,0x00000000fa000000)
  to   space 11776K, 0% used [0x00000000fbf80000,0x00000000fbf80000,0x00000000fcb00000)
 ParOldGen       total 175104K, used 8406K [0x00000000e0000000, 0x00000000eab00000, 0x00000000f5580000)
  object space 175104K, 4% used [0x00000000e0000000,0x00000000e0835840,0x00000000eab00000)
 Metaspace       used 32999K, capacity 34116K, committed 34432K, reserved 1079296K
  class space    used 4663K, capacity 4917K, committed 4992K, reserved 1048576K
Event: 50.418 GC heap after
Heap after GC invocations=7 (full 1):
 PSYoungGen      total 103424K, used 9762K [0x00000000f5580000, 0x00000000fc980000, 0x0000000100000000)
  eden space 93184K, 0% used [0x00000000f5580000,0x00000000f5580000,0x00000000fb080000)
  from space 10240K, 95% used [0x00000000fbf80000,0x00000000fc908978,0x00000000fc980000)
  to   space 12288K, 0% used [0x00000000fb180000,0x00000000fb180000,0x00000000fbd80000)
 ParOldGen       total 175104K, used 8414K [0x00000000e0000000, 0x00000000eab00000, 0x00000000f5580000)
  object space 175104K, 4% used [0x00000000e0000000,0x00000000e0837840,0x00000000eab00000)
 Metaspace       used 32999K, capacity 34116K, committed 34432K, reserved 1079296K
  class space    used 4663K, capacity 4917K, committed 4992K, reserved 1048576K
}
Event: 51.976 GC heap before
{Heap before GC invocations=8 (full 1):
 PSYoungGen      total 103424K, used 38446K [0x00000000f5580000, 0x00000000fc980000, 0x0000000100000000)
  eden space 93184K, 30% used [0x00000000f5580000,0x00000000f7182ee0,0x00000000fb080000)
  from space 10240K, 95% used [0x00000000fbf80000,0x00000000fc908978,0x00000000fc980000)
  to   space 12288K, 0% used [0x00000000fb180000,0x00000000fb180000,0x00000000fbd80000)
 ParOldGen       total 175104K, used 8414K [0x00000000e0000000, 0x00000000eab00000, 0x00000000f5580000)
  object space 175104K, 4% used [0x00000000e0000000,0x00000000e0837840,0x00000000eab00000)
 Metaspace       used 34257K, capacity 35420K, committed 35496K, reserved 1079296K
  class space    used 4793K, capacity 5068K, committed 5120K, reserved 1048576K
Event: 52.008 GC heap after
Heap after GC invocations=8 (full 1):
 PSYoungGen      total 106496K, used 8814K [0x00000000f5580000, 0x00000000ff380000, 0x0000000100000000)
  eden space 94208K, 0% used [0x00000000f5580000,0x00000000f5580000,0x00000000fb180000)
  from space 12288K, 71% used [0x00000000fb180000,0x00000000fba1b878,0x00000000fbd80000)
  to   space 11776K, 0% used [0x00000000fe800000,0x00000000fe800000,0x00000000ff380000)
 ParOldGen       total 175104K, used 8422K [0x00000000e0000000, 0x00000000eab00000, 0x00000000f5580000)
  object space 175104K, 4% used [0x00000000e0000000,0x00000000e0839840,0x00000000eab00000)
 Metaspace       used 34257K, capacity 35420K, committed 35496K, reserved 1079296K
  class space    used 4793K, capacity 5068K, committed 5120K, reserved 1048576K
}
Event: 52.008 GC heap before
{Heap before GC invocations=9 (full 2):
 PSYoungGen      total 106496K, used 8814K [0x00000000f5580000, 0x00000000ff380000, 0x0000000100000000)
  eden space 94208K, 0% used [0x00000000f5580000,0x00000000f5580000,0x00000000fb180000)
  from space 12288K, 71% used [0x00000000fb180000,0x00000000fba1b878,0x00000000fbd80000)
  to   space 11776K, 0% used [0x00000000fe800000,0x00000000fe800000,0x00000000ff380000)
 ParOldGen       total 175104K, used 8422K [0x00000000e0000000, 0x00000000eab00000, 0x00000000f5580000)
  object space 175104K, 4% used [0x00000000e0000000,0x00000000e0839840,0x00000000eab00000)
 Metaspace       used 34257K, capacity 35420K, committed 35496K, reserved 1079296K
  class space    used 4793K, capacity 5068K, committed 5120K, reserved 1048576K

